--------------------------------------------------------------------------
Primary job  terminated normally, but 1 process returned
a non-zero exit code. Per user-direction, the job has been aborted.
--------------------------------------------------------------------------
--------------------------------------------------------------------------
mpirun noticed that process rank 26 with PID 4065841 on node cs345 exited on signal 9 (Killed).
--------------------------------------------------------------------------
[cs345.hpc.nyu.edu:4065810] PMIX ERROR: ERROR in file gds_ds21_lock_pthread.c at line 99
[cs345.hpc.nyu.edu:4065810] PMIX ERROR: ERROR in file gds_ds21_lock_pthread.c at line 99
[cs345.hpc.nyu.edu:4065810] PMIX ERROR: ERROR in file gds_ds21_lock_pthread.c at line 99
[cs345.hpc.nyu.edu:4065810] PMIX ERROR: ERROR in file gds_ds21_lock_pthread.c at line 99
[cs345.hpc.nyu.edu:4065810] PMIX ERROR: ERROR in file gds_ds21_lock_pthread.c at line 99
[cs345.hpc.nyu.edu:4065810] PMIX ERROR: ERROR in file gds_ds21_lock_pthread.c at line 99
[cs345.hpc.nyu.edu:4065810] PMIX ERROR: ERROR in file gds_ds21_lock_pthread.c at line 99
[cs345.hpc.nyu.edu:4065810] PMIX ERROR: ERROR in file gds_ds21_lock_pthread.c at line 99
[cs345.hpc.nyu.edu:4065810] PMIX ERROR: ERROR in file gds_ds21_lock_pthread.c at line 99
[cs345.hpc.nyu.edu:4065810] PMIX ERROR: ERROR in file gds_ds21_lock_pthread.c at line 99
[cs345.hpc.nyu.edu:4065810] PMIX ERROR: ERROR in file gds_ds21_lock_pthread.c at line 99
[cs345.hpc.nyu.edu:4065810] PMIX ERROR: ERROR in file gds_ds21_lock_pthread.c at line 99
[cs345.hpc.nyu.edu:4065810] PMIX ERROR: ERROR in file gds_ds21_lock_pthread.c at line 99
[cs345.hpc.nyu.edu:4065810] PMIX ERROR: ERROR in file gds_ds21_lock_pthread.c at line 99
[cs345.hpc.nyu.edu:4065810] PMIX ERROR: ERROR in file gds_ds21_lock_pthread.c at line 99
[cs345.hpc.nyu.edu:4065810] PMIX ERROR: ERROR in file gds_ds21_lock_pthread.c at line 99
[cs345.hpc.nyu.edu:4065810] PMIX ERROR: ERROR in file gds_ds21_lock_pthread.c at line 99
[cs345.hpc.nyu.edu:4065810] PMIX ERROR: ERROR in file gds_ds21_lock_pthread.c at line 99
[cs345.hpc.nyu.edu:4065810] PMIX ERROR: ERROR in file gds_ds21_lock_pthread.c at line 99
[cs345.hpc.nyu.edu:4065810] PMIX ERROR: ERROR in file gds_ds21_lock_pthread.c at line 99
[cs345.hpc.nyu.edu:4065810] PMIX ERROR: ERROR in file gds_ds21_lock_pthread.c at line 99
[cs345.hpc.nyu.edu:4065810] PMIX ERROR: ERROR in file gds_ds21_lock_pthread.c at line 99
[cs345.hpc.nyu.edu:4065810] PMIX ERROR: ERROR in file gds_ds21_lock_pthread.c at line 99
[cs345.hpc.nyu.edu:4065810] PMIX ERROR: ERROR in file gds_ds21_lock_pthread.c at line 99
[cs345.hpc.nyu.edu:4065810] PMIX ERROR: ERROR in file gds_ds21_lock_pthread.c at line 99
[cs345.hpc.nyu.edu:4065810] PMIX ERROR: ERROR in file gds_ds21_lock_pthread.c at line 99
slurmstepd: error: Detected 2 oom-kill event(s) in StepId=25759585.batch. Some of your processes may have been killed by the cgroup out-of-memory handler.
