                      :-) GROMACS - gmx grompp, 2020.4 (-:

                            GROMACS is written by:
     Emile Apol      Rossen Apostolov      Paul Bauer     Herman J.C. Berendsen
    Par Bjelkmar      Christian Blau   Viacheslav Bolnykh     Kevin Boyd    
 Aldert van Buuren   Rudi van Drunen     Anton Feenstra       Alan Gray     
  Gerrit Groenhof     Anca Hamuraru    Vincent Hindriksen  M. Eric Irrgang  
  Aleksei Iupinov   Christoph Junghans     Joe Jordan     Dimitrios Karkoulis
    Peter Kasson        Jiri Kraus      Carsten Kutzner      Per Larsson    
  Justin A. Lemkul    Viveca Lindahl    Magnus Lundborg     Erik Marklund   
    Pascal Merz     Pieter Meulenhoff    Teemu Murtola       Szilard Pall   
    Sander Pronk      Roland Schulz      Michael Shirts    Alexey Shvetsov  
   Alfons Sijbers     Peter Tieleman      Jon Vincent      Teemu Virolainen 
 Christian Wennberg    Maarten Wolf      Artem Zhmurov   
                           and the project leaders:
        Mark Abraham, Berk Hess, Erik Lindahl, and David van der Spoel

Copyright (c) 1991-2000, University of Groningen, The Netherlands.
Copyright (c) 2001-2019, The GROMACS development team at
Uppsala University, Stockholm University and
the Royal Institute of Technology, Sweden.
check out http://www.gromacs.org for more information.

GROMACS is free software; you can redistribute it and/or modify it
under the terms of the GNU Lesser General Public License
as published by the Free Software Foundation; either version 2.1
of the License, or (at your option) any later version.

GROMACS:      gmx grompp, version 2020.4
Executable:   /share/apps/gromacs/2020.4/openmpi/intel/bin/gmx_mpi
Data prefix:  /share/apps/gromacs/2020.4/openmpi/intel
Working dir:  /scratch/work/courses/CHEM-GA-2671-2022fa/fm1484/comp-lab-class/Week4/Setup/2JOF-AMBER/gromacs
Command line:
  gmx_mpi grompp -f step4.0_minimization.mdp -o step4.0_minimization.tpr -c step3_input.gro -r step3_input.gro -p topol.top -n index.ndx -maxwarn 2

Setting the LD random seed to -1434423349
Generated 861 of the 861 non-bonded parameter combinations
Generating 1-4 interactions: fudge = 0.5
Generated 861 of the 861 1-4 parameter combinations
Excluding 3 bonded neighbours molecule type 'PROA'
turning H bonds into constraints...
Excluding 1 bonded neighbours molecule type 'K+'
Excluding 1 bonded neighbours molecule type 'Cl-'
turning H bonds into constraints...
turning H bonds into constraints...
turning H bonds into constraints...
Excluding 1 bonded neighbours molecule type 'OPC'
Cleaning up constraints and constant bonded interactions with virtual sites
Number of degrees of freedom in T-Coupling group rest is 14021.00

NOTE 1 [file step4.0_minimization.mdp]:
  Removing center of mass motion in the presence of position restraints
  might cause artifacts. When you are using position restraints to
  equilibrate a macro-molecule, the artifacts are usually negligible.

Calculating fourier grid dimensions for X Y Z
Using a fourier grid of 36x36x36, spacing 0.117 0.117 0.117
Estimate for the relative computational load of the PME mesh part: 0.28
This run will generate roughly 1 Mb of data

There was 1 note

GROMACS reminds you: "Take what you want, but just what you need for survival" (Joe Jackson)

--------------------------------------------------------------------------
Primary job  terminated normally, but 1 process returned
a non-zero exit code. Per user-direction, the job has been aborted.
--------------------------------------------------------------------------
--------------------------------------------------------------------------
mpirun noticed that process rank 4 with PID 903088 on node cs006 exited on signal 9 (Killed).
--------------------------------------------------------------------------
[cs006.hpc.nyu.edu:903080] PMIX ERROR: ERROR in file gds_ds21_lock_pthread.c at line 99
[cs006.hpc.nyu.edu:903080] PMIX ERROR: ERROR in file gds_ds21_lock_pthread.c at line 99
[cs006.hpc.nyu.edu:903080] PMIX ERROR: ERROR in file gds_ds21_lock_pthread.c at line 99
[cs006.hpc.nyu.edu:903080] PMIX ERROR: ERROR in file gds_ds21_lock_pthread.c at line 99
[cs006.hpc.nyu.edu:903080] PMIX ERROR: ERROR in file gds_ds21_lock_pthread.c at line 99
[cs006.hpc.nyu.edu:903080] PMIX ERROR: ERROR in file gds_ds21_lock_pthread.c at line 99
[cs006.hpc.nyu.edu:903080] PMIX ERROR: ERROR in file gds_ds21_lock_pthread.c at line 99
[cs006.hpc.nyu.edu:903080] PMIX ERROR: ERROR in file gds_ds21_lock_pthread.c at line 99
[cs006.hpc.nyu.edu:903080] PMIX ERROR: ERROR in file gds_ds21_lock_pthread.c at line 99
                      :-) GROMACS - gmx grompp, 2020.4 (-:

                            GROMACS is written by:
     Emile Apol      Rossen Apostolov      Paul Bauer     Herman J.C. Berendsen
    Par Bjelkmar      Christian Blau   Viacheslav Bolnykh     Kevin Boyd    
 Aldert van Buuren   Rudi van Drunen     Anton Feenstra       Alan Gray     
  Gerrit Groenhof     Anca Hamuraru    Vincent Hindriksen  M. Eric Irrgang  
  Aleksei Iupinov   Christoph Junghans     Joe Jordan     Dimitrios Karkoulis
    Peter Kasson        Jiri Kraus      Carsten Kutzner      Per Larsson    
  Justin A. Lemkul    Viveca Lindahl    Magnus Lundborg     Erik Marklund   
    Pascal Merz     Pieter Meulenhoff    Teemu Murtola       Szilard Pall   
    Sander Pronk      Roland Schulz      Michael Shirts    Alexey Shvetsov  
   Alfons Sijbers     Peter Tieleman      Jon Vincent      Teemu Virolainen 
 Christian Wennberg    Maarten Wolf      Artem Zhmurov   
                           and the project leaders:
        Mark Abraham, Berk Hess, Erik Lindahl, and David van der Spoel

Copyright (c) 1991-2000, University of Groningen, The Netherlands.
Copyright (c) 2001-2019, The GROMACS development team at
Uppsala University, Stockholm University and
the Royal Institute of Technology, Sweden.
check out http://www.gromacs.org for more information.

GROMACS is free software; you can redistribute it and/or modify it
under the terms of the GNU Lesser General Public License
as published by the Free Software Foundation; either version 2.1
of the License, or (at your option) any later version.

GROMACS:      gmx grompp, version 2020.4
Executable:   /share/apps/gromacs/2020.4/openmpi/intel/bin/gmx_mpi
Data prefix:  /share/apps/gromacs/2020.4/openmpi/intel
Working dir:  /scratch/work/courses/CHEM-GA-2671-2022fa/fm1484/comp-lab-class/Week4/Setup/2JOF-AMBER/gromacs
Command line:
  gmx_mpi grompp -f step4.1_equilibration.mdp -o step4.1_equilibration.tpr -c step4.0_minimization.gro -r step3_input.gro -p topol.top -n index.ndx -maxwarn 2


-------------------------------------------------------
Program:     gmx grompp, version 2020.4
Source file: src/gromacs/commandline/cmdlineparser.cpp (line 275)
Function:    void gmx::CommandLineParser::parse(int *, char **)

Error in user input:
Invalid command-line options
  In command-line option -c
    File 'step4.0_minimization.gro' does not exist or is not accessible.
    The file could not be opened.
      Reason: No such file or directory
      (call to fopen() returned error code 2)

For more information and tips for troubleshooting, please check the GROMACS
website at http://www.gromacs.org/Documentation/Errors
-------------------------------------------------------
--------------------------------------------------------------------------
MPI_ABORT was invoked on rank 0 in communicator MPI_COMM_WORLD
with errorcode 1.

NOTE: invoking MPI_ABORT causes Open MPI to kill all MPI processes.
You may or may not see output from other processes, depending on
exactly when Open MPI kills them.
--------------------------------------------------------------------------
--------------------------------------------------------------------------
Primary job  terminated normally, but 1 process returned
a non-zero exit code. Per user-direction, the job has been aborted.
--------------------------------------------------------------------------
--------------------------------------------------------------------------
mpirun noticed that process rank 2 with PID 903181 on node cs006 exited on signal 9 (Killed).
--------------------------------------------------------------------------
[cs006.hpc.nyu.edu:903175] PMIX ERROR: ERROR in file gds_ds21_lock_pthread.c at line 99
[cs006.hpc.nyu.edu:903175] PMIX ERROR: ERROR in file gds_ds21_lock_pthread.c at line 99
[cs006.hpc.nyu.edu:903175] PMIX ERROR: ERROR in file gds_ds21_lock_pthread.c at line 99
[cs006.hpc.nyu.edu:903175] PMIX ERROR: ERROR in file gds_ds21_lock_pthread.c at line 99
[cs006.hpc.nyu.edu:903175] PMIX ERROR: ERROR in file gds_ds21_lock_pthread.c at line 99
[cs006.hpc.nyu.edu:903175] PMIX ERROR: ERROR in file gds_ds21_lock_pthread.c at line 99
[cs006.hpc.nyu.edu:903175] PMIX ERROR: ERROR in file gds_ds21_lock_pthread.c at line 99
[cs006.hpc.nyu.edu:903175] PMIX ERROR: ERROR in file gds_ds21_lock_pthread.c at line 99
                      :-) GROMACS - gmx grompp, 2020.4 (-:

                            GROMACS is written by:
     Emile Apol      Rossen Apostolov      Paul Bauer     Herman J.C. Berendsen
    Par Bjelkmar      Christian Blau   Viacheslav Bolnykh     Kevin Boyd    
 Aldert van Buuren   Rudi van Drunen     Anton Feenstra       Alan Gray     
  Gerrit Groenhof     Anca Hamuraru    Vincent Hindriksen  M. Eric Irrgang  
  Aleksei Iupinov   Christoph Junghans     Joe Jordan     Dimitrios Karkoulis
    Peter Kasson        Jiri Kraus      Carsten Kutzner      Per Larsson    
  Justin A. Lemkul    Viveca Lindahl    Magnus Lundborg     Erik Marklund   
    Pascal Merz     Pieter Meulenhoff    Teemu Murtola       Szilard Pall   
    Sander Pronk      Roland Schulz      Michael Shirts    Alexey Shvetsov  
   Alfons Sijbers     Peter Tieleman      Jon Vincent      Teemu Virolainen 
 Christian Wennberg    Maarten Wolf      Artem Zhmurov   
                           and the project leaders:
        Mark Abraham, Berk Hess, Erik Lindahl, and David van der Spoel

Copyright (c) 1991-2000, University of Groningen, The Netherlands.
Copyright (c) 2001-2019, The GROMACS development team at
Uppsala University, Stockholm University and
the Royal Institute of Technology, Sweden.
check out http://www.gromacs.org for more information.

GROMACS is free software; you can redistribute it and/or modify it
under the terms of the GNU Lesser General Public License
as published by the Free Software Foundation; either version 2.1
of the License, or (at your option) any later version.

GROMACS:      gmx grompp, version 2020.4
Executable:   /share/apps/gromacs/2020.4/openmpi/intel/bin/gmx_mpi
Data prefix:  /share/apps/gromacs/2020.4/openmpi/intel
Working dir:  /scratch/work/courses/CHEM-GA-2671-2022fa/fm1484/comp-lab-class/Week4/Setup/2JOF-AMBER/gromacs
Command line:
  gmx_mpi grompp -f step5_production.mdp -o step5_1.tpr -c step4.1_equilibration.gro -p topol.top -n index.ndx


-------------------------------------------------------
Program:     gmx grompp, version 2020.4
Source file: src/gromacs/commandline/cmdlineparser.cpp (line 275)
Function:    void gmx::CommandLineParser::parse(int *, char **)

Error in user input:
Invalid command-line options
  In command-line option -c
    File 'step4.1_equilibration.gro' does not exist or is not accessible.
    The file could not be opened.
      Reason: No such file or directory
      (call to fopen() returned error code 2)

For more information and tips for troubleshooting, please check the GROMACS
website at http://www.gromacs.org/Documentation/Errors
-------------------------------------------------------
--------------------------------------------------------------------------
MPI_ABORT was invoked on rank 0 in communicator MPI_COMM_WORLD
with errorcode 1.

NOTE: invoking MPI_ABORT causes Open MPI to kill all MPI processes.
You may or may not see output from other processes, depending on
exactly when Open MPI kills them.
--------------------------------------------------------------------------
--------------------------------------------------------------------------
Primary job  terminated normally, but 1 process returned
a non-zero exit code. Per user-direction, the job has been aborted.
--------------------------------------------------------------------------
--------------------------------------------------------------------------
mpirun noticed that process rank 1 with PID 903274 on node cs006 exited on signal 9 (Killed).
--------------------------------------------------------------------------
[cs006.hpc.nyu.edu:903269] PMIX ERROR: ERROR in file gds_ds21_lock_pthread.c at line 99
[cs006.hpc.nyu.edu:903269] PMIX ERROR: ERROR in file gds_ds21_lock_pthread.c at line 99
[cs006.hpc.nyu.edu:903269] PMIX ERROR: ERROR in file gds_ds21_lock_pthread.c at line 99
[cs006.hpc.nyu.edu:903269] PMIX ERROR: ERROR in file gds_ds21_lock_pthread.c at line 99
[cs006.hpc.nyu.edu:903269] PMIX ERROR: ERROR in file gds_ds21_lock_pthread.c at line 99
[cs006.hpc.nyu.edu:903269] PMIX ERROR: ERROR in file gds_ds21_lock_pthread.c at line 99
[cs006.hpc.nyu.edu:903269] PMIX ERROR: ERROR in file gds_ds21_lock_pthread.c at line 99
[cs006.hpc.nyu.edu:903269] PMIX ERROR: ERROR in file gds_ds21_lock_pthread.c at line 99
[cs006.hpc.nyu.edu:903269] PMIX ERROR: ERROR in file gds_ds21_lock_pthread.c at line 99
[cs006.hpc.nyu.edu:903269] PMIX ERROR: ERROR in file gds_ds21_lock_pthread.c at line 99
[cs006.hpc.nyu.edu:903269] PMIX ERROR: ERROR in file gds_ds21_lock_pthread.c at line 99
[cs006.hpc.nyu.edu:903269] PMIX ERROR: ERROR in file gds_ds21_lock_pthread.c at line 99
                      :-) GROMACS - gmx grompp, 2020.4 (-:

                            GROMACS is written by:
     Emile Apol      Rossen Apostolov      Paul Bauer     Herman J.C. Berendsen
    Par Bjelkmar      Christian Blau   Viacheslav Bolnykh     Kevin Boyd    
 Aldert van Buuren   Rudi van Drunen     Anton Feenstra       Alan Gray     
  Gerrit Groenhof     Anca Hamuraru    Vincent Hindriksen  M. Eric Irrgang  
  Aleksei Iupinov   Christoph Junghans     Joe Jordan     Dimitrios Karkoulis
    Peter Kasson        Jiri Kraus      Carsten Kutzner      Per Larsson    
  Justin A. Lemkul    Viveca Lindahl    Magnus Lundborg     Erik Marklund   
    Pascal Merz     Pieter Meulenhoff    Teemu Murtola       Szilard Pall   
    Sander Pronk      Roland Schulz      Michael Shirts    Alexey Shvetsov  
   Alfons Sijbers     Peter Tieleman      Jon Vincent      Teemu Virolainen 
 Christian Wennberg    Maarten Wolf      Artem Zhmurov   
                           and the project leaders:
        Mark Abraham, Berk Hess, Erik Lindahl, and David van der Spoel

Copyright (c) 1991-2000, University of Groningen, The Netherlands.
Copyright (c) 2001-2019, The GROMACS development team at
Uppsala University, Stockholm University and
the Royal Institute of Technology, Sweden.
check out http://www.gromacs.org for more information.

GROMACS is free software; you can redistribute it and/or modify it
under the terms of the GNU Lesser General Public License
as published by the Free Software Foundation; either version 2.1
of the License, or (at your option) any later version.

GROMACS:      gmx grompp, version 2020.4
Executable:   /share/apps/gromacs/2020.4/openmpi/intel/bin/gmx_mpi
Data prefix:  /share/apps/gromacs/2020.4/openmpi/intel
Working dir:  /scratch/work/courses/CHEM-GA-2671-2022fa/fm1484/comp-lab-class/Week4/Setup/2JOF-AMBER/gromacs
Command line:
  gmx_mpi grompp -f step5_production.mdp -o step5_2.tpr -c step5_1.gro -t step5_1.cpt -p topol.top -n index.ndx


-------------------------------------------------------
Program:     gmx grompp, version 2020.4
Source file: src/gromacs/commandline/cmdlineparser.cpp (line 275)
Function:    void gmx::CommandLineParser::parse(int *, char **)

Error in user input:
Invalid command-line options
  In command-line option -c
    File 'step5_1.gro' does not exist or is not accessible.
    The file could not be opened.
      Reason: No such file or directory
      (call to fopen() returned error code 2)
  In command-line option -t
    File 'step5_1.cpt' does not exist or is not accessible.
    The file could not be opened.
      Reason: No such file or directory
      (call to fopen() returned error code 2)

For more information and tips for troubleshooting, please check the GROMACS
website at http://www.gromacs.org/Documentation/Errors
-------------------------------------------------------
--------------------------------------------------------------------------
MPI_ABORT was invoked on rank 0 in communicator MPI_COMM_WORLD
with errorcode 1.

NOTE: invoking MPI_ABORT causes Open MPI to kill all MPI processes.
You may or may not see output from other processes, depending on
exactly when Open MPI kills them.
--------------------------------------------------------------------------
--------------------------------------------------------------------------
Primary job  terminated normally, but 1 process returned
a non-zero exit code. Per user-direction, the job has been aborted.
--------------------------------------------------------------------------
--------------------------------------------------------------------------
mpirun noticed that process rank 0 with PID 903368 on node cs006 exited on signal 9 (Killed).
--------------------------------------------------------------------------
[cs006.hpc.nyu.edu:903363] PMIX ERROR: ERROR in file gds_ds21_lock_pthread.c at line 99
[cs006.hpc.nyu.edu:903363] PMIX ERROR: ERROR in file gds_ds21_lock_pthread.c at line 99
[cs006.hpc.nyu.edu:903363] PMIX ERROR: ERROR in file gds_ds21_lock_pthread.c at line 99
                      :-) GROMACS - gmx grompp, 2020.4 (-:

                            GROMACS is written by:
     Emile Apol      Rossen Apostolov      Paul Bauer     Herman J.C. Berendsen
    Par Bjelkmar      Christian Blau   Viacheslav Bolnykh     Kevin Boyd    
 Aldert van Buuren   Rudi van Drunen     Anton Feenstra       Alan Gray     
  Gerrit Groenhof     Anca Hamuraru    Vincent Hindriksen  M. Eric Irrgang  
  Aleksei Iupinov   Christoph Junghans     Joe Jordan     Dimitrios Karkoulis
    Peter Kasson        Jiri Kraus      Carsten Kutzner      Per Larsson    
  Justin A. Lemkul    Viveca Lindahl    Magnus Lundborg     Erik Marklund   
    Pascal Merz     Pieter Meulenhoff    Teemu Murtola       Szilard Pall   
    Sander Pronk      Roland Schulz      Michael Shirts    Alexey Shvetsov  
   Alfons Sijbers     Peter Tieleman      Jon Vincent      Teemu Virolainen 
 Christian Wennberg    Maarten Wolf      Artem Zhmurov   
                           and the project leaders:
        Mark Abraham, Berk Hess, Erik Lindahl, and David van der Spoel

Copyright (c) 1991-2000, University of Groningen, The Netherlands.
Copyright (c) 2001-2019, The GROMACS development team at
Uppsala University, Stockholm University and
the Royal Institute of Technology, Sweden.
check out http://www.gromacs.org for more information.

GROMACS is free software; you can redistribute it and/or modify it
under the terms of the GNU Lesser General Public License
as published by the Free Software Foundation; either version 2.1
of the License, or (at your option) any later version.

GROMACS:      gmx grompp, version 2020.4
Executable:   /share/apps/gromacs/2020.4/openmpi/intel/bin/gmx_mpi
Data prefix:  /share/apps/gromacs/2020.4/openmpi/intel
Working dir:  /scratch/work/courses/CHEM-GA-2671-2022fa/fm1484/comp-lab-class/Week4/Setup/2JOF-AMBER/gromacs
Command line:
  gmx_mpi grompp -f step5_production.mdp -o step5_3.tpr -c step5_2.gro -t step5_2.cpt -p topol.top -n index.ndx


-------------------------------------------------------
Program:     gmx grompp, version 2020.4
Source file: src/gromacs/commandline/cmdlineparser.cpp (line 275)
Function:    void gmx::CommandLineParser::parse(int *, char **)

Error in user input:
Invalid command-line options
  In command-line option -c
    File 'step5_2.gro' does not exist or is not accessible.
    The file could not be opened.
      Reason: No such file or directory
      (call to fopen() returned error code 2)
  In command-line option -t
    File 'step5_2.cpt' does not exist or is not accessible.
    The file could not be opened.
      Reason: No such file or directory
      (call to fopen() returned error code 2)

For more information and tips for troubleshooting, please check the GROMACS
website at http://www.gromacs.org/Documentation/Errors
-------------------------------------------------------
--------------------------------------------------------------------------
MPI_ABORT was invoked on rank 0 in communicator MPI_COMM_WORLD
with errorcode 1.

NOTE: invoking MPI_ABORT causes Open MPI to kill all MPI processes.
You may or may not see output from other processes, depending on
exactly when Open MPI kills them.
--------------------------------------------------------------------------
--------------------------------------------------------------------------
Primary job  terminated normally, but 1 process returned
a non-zero exit code. Per user-direction, the job has been aborted.
--------------------------------------------------------------------------
--------------------------------------------------------------------------
mpirun noticed that process rank 3 with PID 903465 on node cs006 exited on signal 9 (Killed).
--------------------------------------------------------------------------
[cs006.hpc.nyu.edu:903457] PMIX ERROR: ERROR in file gds_ds21_lock_pthread.c at line 99
[cs006.hpc.nyu.edu:903457] PMIX ERROR: ERROR in file gds_ds21_lock_pthread.c at line 99
[cs006.hpc.nyu.edu:903457] PMIX ERROR: ERROR in file gds_ds21_lock_pthread.c at line 99
[cs006.hpc.nyu.edu:903457] PMIX ERROR: ERROR in file gds_ds21_lock_pthread.c at line 99
                      :-) GROMACS - gmx grompp, 2020.4 (-:

                            GROMACS is written by:
     Emile Apol      Rossen Apostolov      Paul Bauer     Herman J.C. Berendsen
    Par Bjelkmar      Christian Blau   Viacheslav Bolnykh     Kevin Boyd    
 Aldert van Buuren   Rudi van Drunen     Anton Feenstra       Alan Gray     
  Gerrit Groenhof     Anca Hamuraru    Vincent Hindriksen  M. Eric Irrgang  
  Aleksei Iupinov   Christoph Junghans     Joe Jordan     Dimitrios Karkoulis
    Peter Kasson        Jiri Kraus      Carsten Kutzner      Per Larsson    
  Justin A. Lemkul    Viveca Lindahl    Magnus Lundborg     Erik Marklund   
    Pascal Merz     Pieter Meulenhoff    Teemu Murtola       Szilard Pall   
    Sander Pronk      Roland Schulz      Michael Shirts    Alexey Shvetsov  
   Alfons Sijbers     Peter Tieleman      Jon Vincent      Teemu Virolainen 
 Christian Wennberg    Maarten Wolf      Artem Zhmurov   
                           and the project leaders:
        Mark Abraham, Berk Hess, Erik Lindahl, and David van der Spoel

Copyright (c) 1991-2000, University of Groningen, The Netherlands.
Copyright (c) 2001-2019, The GROMACS development team at
Uppsala University, Stockholm University and
the Royal Institute of Technology, Sweden.
check out http://www.gromacs.org for more information.

GROMACS is free software; you can redistribute it and/or modify it
under the terms of the GNU Lesser General Public License
as published by the Free Software Foundation; either version 2.1
of the License, or (at your option) any later version.

GROMACS:      gmx grompp, version 2020.4
Executable:   /share/apps/gromacs/2020.4/openmpi/intel/bin/gmx_mpi
Data prefix:  /share/apps/gromacs/2020.4/openmpi/intel
Working dir:  /scratch/work/courses/CHEM-GA-2671-2022fa/fm1484/comp-lab-class/Week4/Setup/2JOF-AMBER/gromacs
Command line:
  gmx_mpi grompp -f step5_production.mdp -o step5_4.tpr -c step5_3.gro -t step5_3.cpt -p topol.top -n index.ndx


-------------------------------------------------------
Program:     gmx grompp, version 2020.4
Source file: src/gromacs/commandline/cmdlineparser.cpp (line 275)
Function:    void gmx::CommandLineParser::parse(int *, char **)

Error in user input:
Invalid command-line options
  In command-line option -c
    File 'step5_3.gro' does not exist or is not accessible.
    The file could not be opened.
      Reason: No such file or directory
      (call to fopen() returned error code 2)
  In command-line option -t
    File 'step5_3.cpt' does not exist or is not accessible.
    The file could not be opened.
      Reason: No such file or directory
      (call to fopen() returned error code 2)

For more information and tips for troubleshooting, please check the GROMACS
website at http://www.gromacs.org/Documentation/Errors
-------------------------------------------------------
--------------------------------------------------------------------------
MPI_ABORT was invoked on rank 0 in communicator MPI_COMM_WORLD
with errorcode 1.

NOTE: invoking MPI_ABORT causes Open MPI to kill all MPI processes.
You may or may not see output from other processes, depending on
exactly when Open MPI kills them.
--------------------------------------------------------------------------
--------------------------------------------------------------------------
Primary job  terminated normally, but 1 process returned
a non-zero exit code. Per user-direction, the job has been aborted.
--------------------------------------------------------------------------
--------------------------------------------------------------------------
mpirun noticed that process rank 2 with PID 903558 on node cs006 exited on signal 9 (Killed).
--------------------------------------------------------------------------
[cs006.hpc.nyu.edu:903552] PMIX ERROR: ERROR in file gds_ds21_lock_pthread.c at line 99
[cs006.hpc.nyu.edu:903552] PMIX ERROR: ERROR in file gds_ds21_lock_pthread.c at line 99
[cs006.hpc.nyu.edu:903552] PMIX ERROR: ERROR in file gds_ds21_lock_pthread.c at line 99
[cs006.hpc.nyu.edu:903552] PMIX ERROR: ERROR in file gds_ds21_lock_pthread.c at line 99
[cs006.hpc.nyu.edu:903552] PMIX ERROR: ERROR in file gds_ds21_lock_pthread.c at line 99
[cs006.hpc.nyu.edu:903552] PMIX ERROR: ERROR in file gds_ds21_lock_pthread.c at line 99
[cs006.hpc.nyu.edu:903552] PMIX ERROR: ERROR in file gds_ds21_lock_pthread.c at line 99
[cs006.hpc.nyu.edu:903552] PMIX ERROR: ERROR in file gds_ds21_lock_pthread.c at line 99
[cs006.hpc.nyu.edu:903552] PMIX ERROR: ERROR in file gds_ds21_lock_pthread.c at line 99
[cs006.hpc.nyu.edu:903552] PMIX ERROR: ERROR in file gds_ds21_lock_pthread.c at line 99
[cs006.hpc.nyu.edu:903552] PMIX ERROR: ERROR in file gds_ds21_lock_pthread.c at line 99
[cs006.hpc.nyu.edu:903552] PMIX ERROR: ERROR in file gds_ds21_lock_pthread.c at line 99
[cs006.hpc.nyu.edu:903552] PMIX ERROR: ERROR in file gds_ds21_lock_pthread.c at line 99
[cs006.hpc.nyu.edu:903552] PMIX ERROR: ERROR in file gds_ds21_lock_pthread.c at line 99
[cs006.hpc.nyu.edu:903552] PMIX ERROR: ERROR in file gds_ds21_lock_pthread.c at line 99
                      :-) GROMACS - gmx grompp, 2020.4 (-:

                            GROMACS is written by:
     Emile Apol      Rossen Apostolov      Paul Bauer     Herman J.C. Berendsen
    Par Bjelkmar      Christian Blau   Viacheslav Bolnykh     Kevin Boyd    
 Aldert van Buuren   Rudi van Drunen     Anton Feenstra       Alan Gray     
  Gerrit Groenhof     Anca Hamuraru    Vincent Hindriksen  M. Eric Irrgang  
  Aleksei Iupinov   Christoph Junghans     Joe Jordan     Dimitrios Karkoulis
    Peter Kasson        Jiri Kraus      Carsten Kutzner      Per Larsson    
  Justin A. Lemkul    Viveca Lindahl    Magnus Lundborg     Erik Marklund   
    Pascal Merz     Pieter Meulenhoff    Teemu Murtola       Szilard Pall   
    Sander Pronk      Roland Schulz      Michael Shirts    Alexey Shvetsov  
   Alfons Sijbers     Peter Tieleman      Jon Vincent      Teemu Virolainen 
 Christian Wennberg    Maarten Wolf      Artem Zhmurov   
                           and the project leaders:
        Mark Abraham, Berk Hess, Erik Lindahl, and David van der Spoel

Copyright (c) 1991-2000, University of Groningen, The Netherlands.
Copyright (c) 2001-2019, The GROMACS development team at
Uppsala University, Stockholm University and
the Royal Institute of Technology, Sweden.
check out http://www.gromacs.org for more information.

GROMACS is free software; you can redistribute it and/or modify it
under the terms of the GNU Lesser General Public License
as published by the Free Software Foundation; either version 2.1
of the License, or (at your option) any later version.

GROMACS:      gmx grompp, version 2020.4
Executable:   /share/apps/gromacs/2020.4/openmpi/intel/bin/gmx_mpi
Data prefix:  /share/apps/gromacs/2020.4/openmpi/intel
Working dir:  /scratch/work/courses/CHEM-GA-2671-2022fa/fm1484/comp-lab-class/Week4/Setup/2JOF-AMBER/gromacs
Command line:
  gmx_mpi grompp -f step5_production.mdp -o step5_5.tpr -c step5_4.gro -t step5_4.cpt -p topol.top -n index.ndx


-------------------------------------------------------
Program:     gmx grompp, version 2020.4
Source file: src/gromacs/commandline/cmdlineparser.cpp (line 275)
Function:    void gmx::CommandLineParser::parse(int *, char **)

Error in user input:
Invalid command-line options
  In command-line option -c
    File 'step5_4.gro' does not exist or is not accessible.
    The file could not be opened.
      Reason: No such file or directory
      (call to fopen() returned error code 2)
  In command-line option -t
    File 'step5_4.cpt' does not exist or is not accessible.
    The file could not be opened.
      Reason: No such file or directory
      (call to fopen() returned error code 2)

For more information and tips for troubleshooting, please check the GROMACS
website at http://www.gromacs.org/Documentation/Errors
-------------------------------------------------------
--------------------------------------------------------------------------
MPI_ABORT was invoked on rank 0 in communicator MPI_COMM_WORLD
with errorcode 1.

NOTE: invoking MPI_ABORT causes Open MPI to kill all MPI processes.
You may or may not see output from other processes, depending on
exactly when Open MPI kills them.
--------------------------------------------------------------------------
--------------------------------------------------------------------------
Primary job  terminated normally, but 1 process returned
a non-zero exit code. Per user-direction, the job has been aborted.
--------------------------------------------------------------------------
--------------------------------------------------------------------------
mpirun noticed that process rank 0 with PID 903654 on node cs006 exited on signal 9 (Killed).
--------------------------------------------------------------------------
[cs006.hpc.nyu.edu:903650] PMIX ERROR: ERROR in file gds_ds21_lock_pthread.c at line 99
[cs006.hpc.nyu.edu:903650] PMIX ERROR: ERROR in file gds_ds21_lock_pthread.c at line 99
[cs006.hpc.nyu.edu:903650] PMIX ERROR: ERROR in file gds_ds21_lock_pthread.c at line 99
[cs006.hpc.nyu.edu:903650] PMIX ERROR: ERROR in file gds_ds21_lock_pthread.c at line 99
[cs006.hpc.nyu.edu:903650] PMIX ERROR: ERROR in file gds_ds21_lock_pthread.c at line 99
[cs006.hpc.nyu.edu:903650] PMIX ERROR: ERROR in file gds_ds21_lock_pthread.c at line 99
[cs006.hpc.nyu.edu:903650] PMIX ERROR: ERROR in file gds_ds21_lock_pthread.c at line 99
[cs006.hpc.nyu.edu:903650] PMIX ERROR: ERROR in file gds_ds21_lock_pthread.c at line 99
[cs006.hpc.nyu.edu:903650] PMIX ERROR: ERROR in file gds_ds21_lock_pthread.c at line 99
[cs006.hpc.nyu.edu:903650] PMIX ERROR: ERROR in file gds_ds21_lock_pthread.c at line 99
[cs006.hpc.nyu.edu:903650] PMIX ERROR: ERROR in file gds_ds21_lock_pthread.c at line 99
[cs006.hpc.nyu.edu:903650] PMIX ERROR: ERROR in file gds_ds21_lock_pthread.c at line 99
[cs006.hpc.nyu.edu:903650] PMIX ERROR: ERROR in file gds_ds21_lock_pthread.c at line 99
                      :-) GROMACS - gmx grompp, 2020.4 (-:

                            GROMACS is written by:
     Emile Apol      Rossen Apostolov      Paul Bauer     Herman J.C. Berendsen
    Par Bjelkmar      Christian Blau   Viacheslav Bolnykh     Kevin Boyd    
 Aldert van Buuren   Rudi van Drunen     Anton Feenstra       Alan Gray     
  Gerrit Groenhof     Anca Hamuraru    Vincent Hindriksen  M. Eric Irrgang  
  Aleksei Iupinov   Christoph Junghans     Joe Jordan     Dimitrios Karkoulis
    Peter Kasson        Jiri Kraus      Carsten Kutzner      Per Larsson    
  Justin A. Lemkul    Viveca Lindahl    Magnus Lundborg     Erik Marklund   
    Pascal Merz     Pieter Meulenhoff    Teemu Murtola       Szilard Pall   
    Sander Pronk      Roland Schulz      Michael Shirts    Alexey Shvetsov  
   Alfons Sijbers     Peter Tieleman      Jon Vincent      Teemu Virolainen 
 Christian Wennberg    Maarten Wolf      Artem Zhmurov   
                           and the project leaders:
        Mark Abraham, Berk Hess, Erik Lindahl, and David van der Spoel

Copyright (c) 1991-2000, University of Groningen, The Netherlands.
Copyright (c) 2001-2019, The GROMACS development team at
Uppsala University, Stockholm University and
the Royal Institute of Technology, Sweden.
check out http://www.gromacs.org for more information.

GROMACS is free software; you can redistribute it and/or modify it
under the terms of the GNU Lesser General Public License
as published by the Free Software Foundation; either version 2.1
of the License, or (at your option) any later version.

GROMACS:      gmx grompp, version 2020.4
Executable:   /share/apps/gromacs/2020.4/openmpi/intel/bin/gmx_mpi
Data prefix:  /share/apps/gromacs/2020.4/openmpi/intel
Working dir:  /scratch/work/courses/CHEM-GA-2671-2022fa/fm1484/comp-lab-class/Week4/Setup/2JOF-AMBER/gromacs
Command line:
  gmx_mpi grompp -f step5_production.mdp -o step5_6.tpr -c step5_5.gro -t step5_5.cpt -p topol.top -n index.ndx


-------------------------------------------------------
Program:     gmx grompp, version 2020.4
Source file: src/gromacs/commandline/cmdlineparser.cpp (line 275)
Function:    void gmx::CommandLineParser::parse(int *, char **)

Error in user input:
Invalid command-line options
  In command-line option -c
    File 'step5_5.gro' does not exist or is not accessible.
    The file could not be opened.
      Reason: No such file or directory
      (call to fopen() returned error code 2)
  In command-line option -t
    File 'step5_5.cpt' does not exist or is not accessible.
    The file could not be opened.
      Reason: No such file or directory
      (call to fopen() returned error code 2)

For more information and tips for troubleshooting, please check the GROMACS
website at http://www.gromacs.org/Documentation/Errors
-------------------------------------------------------
--------------------------------------------------------------------------
MPI_ABORT was invoked on rank 0 in communicator MPI_COMM_WORLD
with errorcode 1.

NOTE: invoking MPI_ABORT causes Open MPI to kill all MPI processes.
You may or may not see output from other processes, depending on
exactly when Open MPI kills them.
--------------------------------------------------------------------------
--------------------------------------------------------------------------
Primary job  terminated normally, but 1 process returned
a non-zero exit code. Per user-direction, the job has been aborted.
--------------------------------------------------------------------------
--------------------------------------------------------------------------
mpirun noticed that process rank 12 with PID 903761 on node cs006 exited on signal 9 (Killed).
--------------------------------------------------------------------------
[cs006.hpc.nyu.edu:903745] PMIX ERROR: ERROR in file gds_ds21_lock_pthread.c at line 99
[cs006.hpc.nyu.edu:903745] PMIX ERROR: ERROR in file gds_ds21_lock_pthread.c at line 99
[cs006.hpc.nyu.edu:903745] PMIX ERROR: ERROR in file gds_ds21_lock_pthread.c at line 99
[cs006.hpc.nyu.edu:903745] PMIX ERROR: ERROR in file gds_ds21_lock_pthread.c at line 99
[cs006.hpc.nyu.edu:903745] PMIX ERROR: ERROR in file gds_ds21_lock_pthread.c at line 99
                      :-) GROMACS - gmx grompp, 2020.4 (-:

                            GROMACS is written by:
     Emile Apol      Rossen Apostolov      Paul Bauer     Herman J.C. Berendsen
    Par Bjelkmar      Christian Blau   Viacheslav Bolnykh     Kevin Boyd    
 Aldert van Buuren   Rudi van Drunen     Anton Feenstra       Alan Gray     
  Gerrit Groenhof     Anca Hamuraru    Vincent Hindriksen  M. Eric Irrgang  
  Aleksei Iupinov   Christoph Junghans     Joe Jordan     Dimitrios Karkoulis
    Peter Kasson        Jiri Kraus      Carsten Kutzner      Per Larsson    
  Justin A. Lemkul    Viveca Lindahl    Magnus Lundborg     Erik Marklund   
    Pascal Merz     Pieter Meulenhoff    Teemu Murtola       Szilard Pall   
    Sander Pronk      Roland Schulz      Michael Shirts    Alexey Shvetsov  
   Alfons Sijbers     Peter Tieleman      Jon Vincent      Teemu Virolainen 
 Christian Wennberg    Maarten Wolf      Artem Zhmurov   
                           and the project leaders:
        Mark Abraham, Berk Hess, Erik Lindahl, and David van der Spoel

Copyright (c) 1991-2000, University of Groningen, The Netherlands.
Copyright (c) 2001-2019, The GROMACS development team at
Uppsala University, Stockholm University and
the Royal Institute of Technology, Sweden.
check out http://www.gromacs.org for more information.

GROMACS is free software; you can redistribute it and/or modify it
under the terms of the GNU Lesser General Public License
as published by the Free Software Foundation; either version 2.1
of the License, or (at your option) any later version.

GROMACS:      gmx grompp, version 2020.4
Executable:   /share/apps/gromacs/2020.4/openmpi/intel/bin/gmx_mpi
Data prefix:  /share/apps/gromacs/2020.4/openmpi/intel
Working dir:  /scratch/work/courses/CHEM-GA-2671-2022fa/fm1484/comp-lab-class/Week4/Setup/2JOF-AMBER/gromacs
Command line:
  gmx_mpi grompp -f step5_production.mdp -o step5_7.tpr -c step5_6.gro -t step5_6.cpt -p topol.top -n index.ndx


-------------------------------------------------------
Program:     gmx grompp, version 2020.4
Source file: src/gromacs/commandline/cmdlineparser.cpp (line 275)
Function:    void gmx::CommandLineParser::parse(int *, char **)

Error in user input:
Invalid command-line options
  In command-line option -c
    File 'step5_6.gro' does not exist or is not accessible.
    The file could not be opened.
      Reason: No such file or directory
      (call to fopen() returned error code 2)
  In command-line option -t
    File 'step5_6.cpt' does not exist or is not accessible.
    The file could not be opened.
      Reason: No such file or directory
      (call to fopen() returned error code 2)

For more information and tips for troubleshooting, please check the GROMACS
website at http://www.gromacs.org/Documentation/Errors
-------------------------------------------------------
--------------------------------------------------------------------------
MPI_ABORT was invoked on rank 0 in communicator MPI_COMM_WORLD
with errorcode 1.

NOTE: invoking MPI_ABORT causes Open MPI to kill all MPI processes.
You may or may not see output from other processes, depending on
exactly when Open MPI kills them.
--------------------------------------------------------------------------
--------------------------------------------------------------------------
Primary job  terminated normally, but 1 process returned
a non-zero exit code. Per user-direction, the job has been aborted.
--------------------------------------------------------------------------
--------------------------------------------------------------------------
mpirun noticed that process rank 2 with PID 903846 on node cs006 exited on signal 9 (Killed).
--------------------------------------------------------------------------
[cs006.hpc.nyu.edu:903839] PMIX ERROR: ERROR in file gds_ds21_lock_pthread.c at line 99
[cs006.hpc.nyu.edu:903839] PMIX ERROR: ERROR in file gds_ds21_lock_pthread.c at line 99
[cs006.hpc.nyu.edu:903839] PMIX ERROR: ERROR in file gds_ds21_lock_pthread.c at line 99
[cs006.hpc.nyu.edu:903839] PMIX ERROR: ERROR in file gds_ds21_lock_pthread.c at line 99
[cs006.hpc.nyu.edu:903839] PMIX ERROR: ERROR in file gds_ds21_lock_pthread.c at line 99
[cs006.hpc.nyu.edu:903839] PMIX ERROR: ERROR in file gds_ds21_lock_pthread.c at line 99
[cs006.hpc.nyu.edu:903839] PMIX ERROR: ERROR in file gds_ds21_lock_pthread.c at line 99
[cs006.hpc.nyu.edu:903839] PMIX ERROR: ERROR in file gds_ds21_lock_pthread.c at line 99
                      :-) GROMACS - gmx grompp, 2020.4 (-:

                            GROMACS is written by:
     Emile Apol      Rossen Apostolov      Paul Bauer     Herman J.C. Berendsen
    Par Bjelkmar      Christian Blau   Viacheslav Bolnykh     Kevin Boyd    
 Aldert van Buuren   Rudi van Drunen     Anton Feenstra       Alan Gray     
  Gerrit Groenhof     Anca Hamuraru    Vincent Hindriksen  M. Eric Irrgang  
  Aleksei Iupinov   Christoph Junghans     Joe Jordan     Dimitrios Karkoulis
    Peter Kasson        Jiri Kraus      Carsten Kutzner      Per Larsson    
  Justin A. Lemkul    Viveca Lindahl    Magnus Lundborg     Erik Marklund   
    Pascal Merz     Pieter Meulenhoff    Teemu Murtola       Szilard Pall   
    Sander Pronk      Roland Schulz      Michael Shirts    Alexey Shvetsov  
   Alfons Sijbers     Peter Tieleman      Jon Vincent      Teemu Virolainen 
 Christian Wennberg    Maarten Wolf      Artem Zhmurov   
                           and the project leaders:
        Mark Abraham, Berk Hess, Erik Lindahl, and David van der Spoel

Copyright (c) 1991-2000, University of Groningen, The Netherlands.
Copyright (c) 2001-2019, The GROMACS development team at
Uppsala University, Stockholm University and
the Royal Institute of Technology, Sweden.
check out http://www.gromacs.org for more information.

GROMACS is free software; you can redistribute it and/or modify it
under the terms of the GNU Lesser General Public License
as published by the Free Software Foundation; either version 2.1
of the License, or (at your option) any later version.

GROMACS:      gmx grompp, version 2020.4
Executable:   /share/apps/gromacs/2020.4/openmpi/intel/bin/gmx_mpi
Data prefix:  /share/apps/gromacs/2020.4/openmpi/intel
Working dir:  /scratch/work/courses/CHEM-GA-2671-2022fa/fm1484/comp-lab-class/Week4/Setup/2JOF-AMBER/gromacs
Command line:
  gmx_mpi grompp -f step5_production.mdp -o step5_8.tpr -c step5_7.gro -t step5_7.cpt -p topol.top -n index.ndx


-------------------------------------------------------
Program:     gmx grompp, version 2020.4
Source file: src/gromacs/commandline/cmdlineparser.cpp (line 275)
Function:    void gmx::CommandLineParser::parse(int *, char **)

Error in user input:
Invalid command-line options
  In command-line option -c
    File 'step5_7.gro' does not exist or is not accessible.
    The file could not be opened.
      Reason: No such file or directory
      (call to fopen() returned error code 2)
  In command-line option -t
    File 'step5_7.cpt' does not exist or is not accessible.
    The file could not be opened.
      Reason: No such file or directory
      (call to fopen() returned error code 2)

For more information and tips for troubleshooting, please check the GROMACS
website at http://www.gromacs.org/Documentation/Errors
-------------------------------------------------------
--------------------------------------------------------------------------
MPI_ABORT was invoked on rank 0 in communicator MPI_COMM_WORLD
with errorcode 1.

NOTE: invoking MPI_ABORT causes Open MPI to kill all MPI processes.
You may or may not see output from other processes, depending on
exactly when Open MPI kills them.
--------------------------------------------------------------------------
--------------------------------------------------------------------------
Primary job  terminated normally, but 1 process returned
a non-zero exit code. Per user-direction, the job has been aborted.
--------------------------------------------------------------------------
--------------------------------------------------------------------------
mpirun noticed that process rank 7 with PID 903945 on node cs006 exited on signal 9 (Killed).
--------------------------------------------------------------------------
[cs006.hpc.nyu.edu:903934] PMIX ERROR: ERROR in file gds_ds21_lock_pthread.c at line 99
[cs006.hpc.nyu.edu:903934] PMIX ERROR: ERROR in file gds_ds21_lock_pthread.c at line 99
[cs006.hpc.nyu.edu:903934] PMIX ERROR: ERROR in file gds_ds21_lock_pthread.c at line 99
[cs006.hpc.nyu.edu:903934] PMIX ERROR: ERROR in file gds_ds21_lock_pthread.c at line 99
[cs006.hpc.nyu.edu:903934] PMIX ERROR: ERROR in file gds_ds21_lock_pthread.c at line 99
[cs006.hpc.nyu.edu:903934] PMIX ERROR: ERROR in file gds_ds21_lock_pthread.c at line 99
[cs006.hpc.nyu.edu:903934] PMIX ERROR: ERROR in file gds_ds21_lock_pthread.c at line 99
[cs006.hpc.nyu.edu:903934] PMIX ERROR: ERROR in file gds_ds21_lock_pthread.c at line 99
[cs006.hpc.nyu.edu:903934] PMIX ERROR: ERROR in file gds_ds21_lock_pthread.c at line 99
[cs006.hpc.nyu.edu:903934] PMIX ERROR: ERROR in file gds_ds21_lock_pthread.c at line 99
[cs006.hpc.nyu.edu:903934] PMIX ERROR: ERROR in file gds_ds21_lock_pthread.c at line 99
[cs006.hpc.nyu.edu:903934] PMIX ERROR: ERROR in file gds_ds21_lock_pthread.c at line 99
                      :-) GROMACS - gmx grompp, 2020.4 (-:

                            GROMACS is written by:
     Emile Apol      Rossen Apostolov      Paul Bauer     Herman J.C. Berendsen
    Par Bjelkmar      Christian Blau   Viacheslav Bolnykh     Kevin Boyd    
 Aldert van Buuren   Rudi van Drunen     Anton Feenstra       Alan Gray     
  Gerrit Groenhof     Anca Hamuraru    Vincent Hindriksen  M. Eric Irrgang  
  Aleksei Iupinov   Christoph Junghans     Joe Jordan     Dimitrios Karkoulis
    Peter Kasson        Jiri Kraus      Carsten Kutzner      Per Larsson    
  Justin A. Lemkul    Viveca Lindahl    Magnus Lundborg     Erik Marklund   
    Pascal Merz     Pieter Meulenhoff    Teemu Murtola       Szilard Pall   
    Sander Pronk      Roland Schulz      Michael Shirts    Alexey Shvetsov  
   Alfons Sijbers     Peter Tieleman      Jon Vincent      Teemu Virolainen 
 Christian Wennberg    Maarten Wolf      Artem Zhmurov   
                           and the project leaders:
        Mark Abraham, Berk Hess, Erik Lindahl, and David van der Spoel

Copyright (c) 1991-2000, University of Groningen, The Netherlands.
Copyright (c) 2001-2019, The GROMACS development team at
Uppsala University, Stockholm University and
the Royal Institute of Technology, Sweden.
check out http://www.gromacs.org for more information.

GROMACS is free software; you can redistribute it and/or modify it
under the terms of the GNU Lesser General Public License
as published by the Free Software Foundation; either version 2.1
of the License, or (at your option) any later version.

GROMACS:      gmx grompp, version 2020.4
Executable:   /share/apps/gromacs/2020.4/openmpi/intel/bin/gmx_mpi
Data prefix:  /share/apps/gromacs/2020.4/openmpi/intel
Working dir:  /scratch/work/courses/CHEM-GA-2671-2022fa/fm1484/comp-lab-class/Week4/Setup/2JOF-AMBER/gromacs
Command line:
  gmx_mpi grompp -f step5_production.mdp -o step5_9.tpr -c step5_8.gro -t step5_8.cpt -p topol.top -n index.ndx


-------------------------------------------------------
Program:     gmx grompp, version 2020.4
Source file: src/gromacs/commandline/cmdlineparser.cpp (line 275)
Function:    void gmx::CommandLineParser::parse(int *, char **)

Error in user input:
Invalid command-line options
  In command-line option -c
    File 'step5_8.gro' does not exist or is not accessible.
    The file could not be opened.
      Reason: No such file or directory
      (call to fopen() returned error code 2)
  In command-line option -t
    File 'step5_8.cpt' does not exist or is not accessible.
    The file could not be opened.
      Reason: No such file or directory
      (call to fopen() returned error code 2)

For more information and tips for troubleshooting, please check the GROMACS
website at http://www.gromacs.org/Documentation/Errors
-------------------------------------------------------
--------------------------------------------------------------------------
MPI_ABORT was invoked on rank 0 in communicator MPI_COMM_WORLD
with errorcode 1.

NOTE: invoking MPI_ABORT causes Open MPI to kill all MPI processes.
You may or may not see output from other processes, depending on
exactly when Open MPI kills them.
--------------------------------------------------------------------------
--------------------------------------------------------------------------
Primary job  terminated normally, but 1 process returned
a non-zero exit code. Per user-direction, the job has been aborted.
--------------------------------------------------------------------------
--------------------------------------------------------------------------
mpirun noticed that process rank 0 with PID 904032 on node cs006 exited on signal 9 (Killed).
--------------------------------------------------------------------------
[cs006.hpc.nyu.edu:904028] PMIX ERROR: ERROR in file gds_ds21_lock_pthread.c at line 99
[cs006.hpc.nyu.edu:904028] PMIX ERROR: ERROR in file gds_ds21_lock_pthread.c at line 99
[cs006.hpc.nyu.edu:904028] PMIX ERROR: ERROR in file gds_ds21_lock_pthread.c at line 99
[cs006.hpc.nyu.edu:904028] PMIX ERROR: ERROR in file gds_ds21_lock_pthread.c at line 99
slurmstepd: error: Detected 17 oom-kill event(s) in StepId=25493828.batch. Some of your processes may have been killed by the cgroup out-of-memory handler.
